2022-07-14 14:14:09,708 [Worker-0: Loading available Gradle versions] INFO  o.e.b.c.i.u.g.PublishedGradleVersions - Gradle version information cache is out-of-date. Trying to update.
2022-07-14 14:16:34,897 [Worker-16: Building] INFO  o.e.m.c.i.l.LifecycleMappingFactory - Using org.eclipse.m2e.jdt.JarLifecycleMapping lifecycle mapping for MavenProject: com.example:Discount-Microservice:0.0.1-SNAPSHOT @ F:\Wipro_C8_GroupA_2_Btach\Wipro_C8_GroupA_2_Btach\BackEnd\Discount-Microservice\pom.xml.
2022-07-14 14:16:37,232 [Worker-16: Building] INFO  o.e.m.c.i.embedder.EclipseLogger - Using 'UTF-8' encoding to copy filtered resources.
2022-07-14 14:16:37,232 [Worker-16: Building] INFO  o.e.m.c.i.embedder.EclipseLogger - Using 'UTF-8' encoding to copy filtered properties files.
2022-07-14 14:16:37,234 [Worker-16: Building] INFO  o.e.m.c.i.embedder.EclipseLogger - Copying 1 resource
2022-07-14 14:16:37,261 [Worker-16: Building] INFO  o.e.m.c.i.embedder.EclipseLogger - Copying 0 resource
2022-07-14 14:16:37,261 [Worker-16: Building] INFO  o.e.m.c.i.embedder.EclipseLogger - Using 'UTF-8' encoding to copy filtered resources.
2022-07-14 14:16:37,261 [Worker-16: Building] INFO  o.e.m.c.i.embedder.EclipseLogger - Using 'UTF-8' encoding to copy filtered properties files.
2022-07-14 14:16:37,261 [Worker-16: Building] INFO  o.e.m.c.i.embedder.EclipseLogger - skip non existing resourceDirectory F:\Wipro_C8_GroupA_2_Btach\Wipro_C8_GroupA_2_Btach\BackEnd\Discount-Microservice\src\test\resources
2022-07-14 14:16:38,787 [Worker-17: Updating Maven Dependencies] INFO  o.e.m.c.i.l.LifecycleMappingFactory - Using org.eclipse.m2e.jdt.JarLifecycleMapping lifecycle mapping for MavenProject: com.example:Discount-Microservice:0.0.1-SNAPSHOT @ F:\Wipro_C8_GroupA_2_Btach\Wipro_C8_GroupA_2_Btach\BackEnd\Discount-Microservice\pom.xml.
2022-07-14 14:16:40,500 [Worker-22: Building] INFO  o.e.m.c.i.embedder.EclipseLogger - Using 'UTF-8' encoding to copy filtered resources.
2022-07-14 14:16:40,502 [Worker-22: Building] INFO  o.e.m.c.i.embedder.EclipseLogger - Using 'UTF-8' encoding to copy filtered properties files.
2022-07-14 14:16:40,508 [Worker-22: Building] INFO  o.e.m.c.i.embedder.EclipseLogger - Copying 1 resource
2022-07-14 14:16:40,522 [Worker-22: Building] INFO  o.e.m.c.i.embedder.EclipseLogger - Copying 0 resource
2022-07-14 14:16:40,526 [Worker-22: Building] INFO  o.e.m.c.i.embedder.EclipseLogger - Using 'UTF-8' encoding to copy filtered resources.
2022-07-14 14:16:40,526 [Worker-22: Building] INFO  o.e.m.c.i.embedder.EclipseLogger - Using 'UTF-8' encoding to copy filtered properties files.
2022-07-14 14:16:40,526 [Worker-22: Building] INFO  o.e.m.c.i.embedder.EclipseLogger - skip non existing resourceDirectory F:\Wipro_C8_GroupA_2_Btach\Wipro_C8_GroupA_2_Btach\BackEnd\Discount-Microservice\src\test\resources
2022-07-14 14:16:42,991 [Worker-2: Building] INFO  o.e.m.c.i.embedder.EclipseLogger - Using 'UTF-8' encoding to copy filtered resources.
2022-07-14 14:16:42,992 [Worker-2: Building] INFO  o.e.m.c.i.embedder.EclipseLogger - Using 'UTF-8' encoding to copy filtered properties files.
2022-07-14 14:16:42,992 [Worker-2: Building] INFO  o.e.m.c.i.embedder.EclipseLogger - Copying 0 resource
2022-07-14 14:16:42,992 [Worker-2: Building] INFO  o.e.m.c.i.embedder.EclipseLogger - Copying 0 resource
2022-07-14 14:16:42,996 [Worker-2: Building] INFO  o.e.m.c.i.embedder.EclipseLogger - Using 'UTF-8' encoding to copy filtered resources.
2022-07-14 14:16:42,997 [Worker-2: Building] INFO  o.e.m.c.i.embedder.EclipseLogger - Using 'UTF-8' encoding to copy filtered properties files.
2022-07-14 14:16:42,997 [Worker-2: Building] INFO  o.e.m.c.i.embedder.EclipseLogger - skip non existing resourceDirectory F:\Wipro_C8_GroupA_2_Btach\Wipro_C8_GroupA_2_Btach\BackEnd\Discount-Microservice\src\test\resources
2022-07-14 14:16:53,293 [Worker-5: Building] INFO  o.e.m.c.i.l.LifecycleMappingFactory - Using org.eclipse.m2e.jdt.JarLifecycleMapping lifecycle mapping for MavenProject: com.example:Eurekhaserver:0.0.1-SNAPSHOT @ F:\Wipro_C8_GroupA_2_Btach\Wipro_C8_GroupA_2_Btach\BackEnd\Eurekhaserver\pom.xml.
2022-07-14 14:16:53,977 [Worker-5: Building] INFO  o.e.m.c.i.embedder.EclipseLogger - Using 'UTF-8' encoding to copy filtered resources.
2022-07-14 14:16:53,977 [Worker-5: Building] INFO  o.e.m.c.i.embedder.EclipseLogger - Using 'UTF-8' encoding to copy filtered properties files.
2022-07-14 14:16:53,977 [Worker-5: Building] INFO  o.e.m.c.i.embedder.EclipseLogger - Copying 1 resource
2022-07-14 14:16:53,983 [Worker-5: Building] INFO  o.e.m.c.i.embedder.EclipseLogger - Copying 0 resource
2022-07-14 14:16:53,986 [Worker-5: Building] INFO  o.e.m.c.i.embedder.EclipseLogger - Using 'UTF-8' encoding to copy filtered resources.
2022-07-14 14:16:53,986 [Worker-5: Building] INFO  o.e.m.c.i.embedder.EclipseLogger - Using 'UTF-8' encoding to copy filtered properties files.
2022-07-14 14:16:53,986 [Worker-5: Building] INFO  o.e.m.c.i.embedder.EclipseLogger - skip non existing resourceDirectory F:\Wipro_C8_GroupA_2_Btach\Wipro_C8_GroupA_2_Btach\BackEnd\Eurekhaserver\src\test\resources
2022-07-14 14:16:54,858 [Worker-24: Updating Maven Dependencies] INFO  o.e.m.c.i.l.LifecycleMappingFactory - Using org.eclipse.m2e.jdt.JarLifecycleMapping lifecycle mapping for MavenProject: com.example:Eurekhaserver:0.0.1-SNAPSHOT @ F:\Wipro_C8_GroupA_2_Btach\Wipro_C8_GroupA_2_Btach\BackEnd\Eurekhaserver\pom.xml.
2022-07-14 14:16:56,672 [Worker-31: Building] INFO  o.e.m.c.i.embedder.EclipseLogger - Using 'UTF-8' encoding to copy filtered resources.
2022-07-14 14:16:56,672 [Worker-31: Building] INFO  o.e.m.c.i.embedder.EclipseLogger - Using 'UTF-8' encoding to copy filtered properties files.
2022-07-14 14:16:56,673 [Worker-31: Building] INFO  o.e.m.c.i.embedder.EclipseLogger - Copying 1 resource
2022-07-14 14:16:56,675 [Worker-31: Building] INFO  o.e.m.c.i.embedder.EclipseLogger - Copying 0 resource
2022-07-14 14:16:56,678 [Worker-31: Building] INFO  o.e.m.c.i.embedder.EclipseLogger - Using 'UTF-8' encoding to copy filtered resources.
2022-07-14 14:16:56,678 [Worker-31: Building] INFO  o.e.m.c.i.embedder.EclipseLogger - Using 'UTF-8' encoding to copy filtered properties files.
2022-07-14 14:16:56,678 [Worker-31: Building] INFO  o.e.m.c.i.embedder.EclipseLogger - skip non existing resourceDirectory F:\Wipro_C8_GroupA_2_Btach\Wipro_C8_GroupA_2_Btach\BackEnd\Eurekhaserver\src\test\resources
2022-07-14 14:17:05,183 [Worker-22: Building] INFO  o.e.m.c.i.l.LifecycleMappingFactory - Using org.eclipse.m2e.jdt.JarLifecycleMapping lifecycle mapping for MavenProject: com.example:Product-Microservice:0.0.1-SNAPSHOT @ F:\Wipro_C8_GroupA_2_Btach\Wipro_C8_GroupA_2_Btach\BackEnd\Product-Microservice\pom.xml.
2022-07-14 14:17:06,158 [Worker-22: Building] INFO  o.e.m.c.i.embedder.EclipseLogger - Using 'UTF-8' encoding to copy filtered resources.
2022-07-14 14:17:06,158 [Worker-22: Building] INFO  o.e.m.c.i.embedder.EclipseLogger - Using 'UTF-8' encoding to copy filtered properties files.
2022-07-14 14:17:06,158 [Worker-22: Building] INFO  o.e.m.c.i.embedder.EclipseLogger - Copying 1 resource
2022-07-14 14:17:06,165 [Worker-22: Building] INFO  o.e.m.c.i.embedder.EclipseLogger - Copying 0 resource
2022-07-14 14:17:06,167 [Worker-22: Building] INFO  o.e.m.c.i.embedder.EclipseLogger - Using 'UTF-8' encoding to copy filtered resources.
2022-07-14 14:17:06,167 [Worker-22: Building] INFO  o.e.m.c.i.embedder.EclipseLogger - Using 'UTF-8' encoding to copy filtered properties files.
2022-07-14 14:17:06,167 [Worker-22: Building] INFO  o.e.m.c.i.embedder.EclipseLogger - skip non existing resourceDirectory F:\Wipro_C8_GroupA_2_Btach\Wipro_C8_GroupA_2_Btach\BackEnd\Product-Microservice\src\test\resources
2022-07-14 14:17:07,515 [Worker-16: Updating Maven Dependencies] INFO  o.e.m.c.i.l.LifecycleMappingFactory - Using org.eclipse.m2e.jdt.JarLifecycleMapping lifecycle mapping for MavenProject: com.example:Product-Microservice:0.0.1-SNAPSHOT @ F:\Wipro_C8_GroupA_2_Btach\Wipro_C8_GroupA_2_Btach\BackEnd\Product-Microservice\pom.xml.
2022-07-14 14:17:08,759 [Worker-17: Building] INFO  o.e.m.c.i.embedder.EclipseLogger - Using 'UTF-8' encoding to copy filtered resources.
2022-07-14 14:17:08,759 [Worker-17: Building] INFO  o.e.m.c.i.embedder.EclipseLogger - Using 'UTF-8' encoding to copy filtered properties files.
2022-07-14 14:17:08,759 [Worker-17: Building] INFO  o.e.m.c.i.embedder.EclipseLogger - Copying 1 resource
2022-07-14 14:17:08,762 [Worker-17: Building] INFO  o.e.m.c.i.embedder.EclipseLogger - Copying 0 resource
2022-07-14 14:17:08,763 [Worker-17: Building] INFO  o.e.m.c.i.embedder.EclipseLogger - Using 'UTF-8' encoding to copy filtered resources.
2022-07-14 14:17:08,763 [Worker-17: Building] INFO  o.e.m.c.i.embedder.EclipseLogger - Using 'UTF-8' encoding to copy filtered properties files.
2022-07-14 14:17:08,764 [Worker-17: Building] INFO  o.e.m.c.i.embedder.EclipseLogger - skip non existing resourceDirectory F:\Wipro_C8_GroupA_2_Btach\Wipro_C8_GroupA_2_Btach\BackEnd\Product-Microservice\src\test\resources
2022-07-14 14:17:10,559 [Worker-10: Building] INFO  o.e.m.c.i.embedder.EclipseLogger - Using 'UTF-8' encoding to copy filtered resources.
2022-07-14 14:17:10,559 [Worker-10: Building] INFO  o.e.m.c.i.embedder.EclipseLogger - Using 'UTF-8' encoding to copy filtered properties files.
2022-07-14 14:17:10,559 [Worker-10: Building] INFO  o.e.m.c.i.embedder.EclipseLogger - Copying 0 resource
2022-07-14 14:17:10,559 [Worker-10: Building] INFO  o.e.m.c.i.embedder.EclipseLogger - Copying 0 resource
2022-07-14 14:17:10,562 [Worker-10: Building] INFO  o.e.m.c.i.embedder.EclipseLogger - Using 'UTF-8' encoding to copy filtered resources.
2022-07-14 14:17:10,562 [Worker-10: Building] INFO  o.e.m.c.i.embedder.EclipseLogger - Using 'UTF-8' encoding to copy filtered properties files.
2022-07-14 14:17:10,562 [Worker-10: Building] INFO  o.e.m.c.i.embedder.EclipseLogger - skip non existing resourceDirectory F:\Wipro_C8_GroupA_2_Btach\Wipro_C8_GroupA_2_Btach\BackEnd\Product-Microservice\src\test\resources
2022-07-14 14:17:26,011 [Worker-26: Building] INFO  o.e.m.c.i.l.LifecycleMappingFactory - Using org.eclipse.m2e.jdt.JarLifecycleMapping lifecycle mapping for MavenProject: com.example:SalesReport-Microservice:0.0.1-SNAPSHOT @ F:\Wipro_C8_GroupA_2_Btach\Wipro_C8_GroupA_2_Btach\BackEnd\SalesReport-Microservice\pom.xml.
2022-07-14 14:17:26,943 [Worker-26: Building] INFO  o.e.m.c.i.embedder.EclipseLogger - Using 'UTF-8' encoding to copy filtered resources.
2022-07-14 14:17:26,943 [Worker-26: Building] INFO  o.e.m.c.i.embedder.EclipseLogger - Using 'UTF-8' encoding to copy filtered properties files.
2022-07-14 14:17:26,943 [Worker-26: Building] INFO  o.e.m.c.i.embedder.EclipseLogger - Copying 1 resource
2022-07-14 14:17:26,948 [Worker-26: Building] INFO  o.e.m.c.i.embedder.EclipseLogger - Copying 0 resource
2022-07-14 14:17:26,951 [Worker-26: Building] INFO  o.e.m.c.i.embedder.EclipseLogger - Using 'UTF-8' encoding to copy filtered resources.
2022-07-14 14:17:26,951 [Worker-26: Building] INFO  o.e.m.c.i.embedder.EclipseLogger - Using 'UTF-8' encoding to copy filtered properties files.
2022-07-14 14:17:26,951 [Worker-26: Building] INFO  o.e.m.c.i.embedder.EclipseLogger - skip non existing resourceDirectory F:\Wipro_C8_GroupA_2_Btach\Wipro_C8_GroupA_2_Btach\BackEnd\SalesReport-Microservice\src\test\resources
2022-07-14 14:17:27,789 [Worker-14: Updating Maven Dependencies] INFO  o.e.m.c.i.l.LifecycleMappingFactory - Using org.eclipse.m2e.jdt.JarLifecycleMapping lifecycle mapping for MavenProject: com.example:SalesReport-Microservice:0.0.1-SNAPSHOT @ F:\Wipro_C8_GroupA_2_Btach\Wipro_C8_GroupA_2_Btach\BackEnd\SalesReport-Microservice\pom.xml.
2022-07-14 14:17:29,050 [Worker-14: Building] INFO  o.e.m.c.i.embedder.EclipseLogger - Using 'UTF-8' encoding to copy filtered resources.
2022-07-14 14:17:29,050 [Worker-14: Building] INFO  o.e.m.c.i.embedder.EclipseLogger - Using 'UTF-8' encoding to copy filtered properties files.
2022-07-14 14:17:29,050 [Worker-14: Building] INFO  o.e.m.c.i.embedder.EclipseLogger - Copying 1 resource
2022-07-14 14:17:29,051 [Worker-14: Building] INFO  o.e.m.c.i.embedder.EclipseLogger - Copying 0 resource
2022-07-14 14:17:29,053 [Worker-14: Building] INFO  o.e.m.c.i.embedder.EclipseLogger - Using 'UTF-8' encoding to copy filtered resources.
2022-07-14 14:17:29,053 [Worker-14: Building] INFO  o.e.m.c.i.embedder.EclipseLogger - Using 'UTF-8' encoding to copy filtered properties files.
2022-07-14 14:17:29,053 [Worker-14: Building] INFO  o.e.m.c.i.embedder.EclipseLogger - skip non existing resourceDirectory F:\Wipro_C8_GroupA_2_Btach\Wipro_C8_GroupA_2_Btach\BackEnd\SalesReport-Microservice\src\test\resources
2022-07-14 14:18:45,499 [Worker-1: Launching DiscountMicroserviceApplication] INFO  o.e.m.c.i.embedder.EclipseLogger - Using 'UTF-8' encoding to copy filtered resources.
2022-07-14 14:18:45,499 [Worker-1: Launching DiscountMicroserviceApplication] INFO  o.e.m.c.i.embedder.EclipseLogger - Using 'UTF-8' encoding to copy filtered properties files.
2022-07-14 14:18:45,500 [Worker-1: Launching DiscountMicroserviceApplication] INFO  o.e.m.c.i.embedder.EclipseLogger - Copying 1 resource
2022-07-14 14:18:45,593 [Worker-1: Launching DiscountMicroserviceApplication] INFO  o.e.m.c.i.embedder.EclipseLogger - Copying 0 resource
2022-07-14 14:18:45,596 [Worker-1: Launching DiscountMicroserviceApplication] INFO  o.e.m.c.i.embedder.EclipseLogger - Using 'UTF-8' encoding to copy filtered resources.
2022-07-14 14:18:45,597 [Worker-1: Launching DiscountMicroserviceApplication] INFO  o.e.m.c.i.embedder.EclipseLogger - Using 'UTF-8' encoding to copy filtered properties files.
2022-07-14 14:18:45,597 [Worker-1: Launching DiscountMicroserviceApplication] INFO  o.e.m.c.i.embedder.EclipseLogger - skip non existing resourceDirectory F:\Wipro_C8_GroupA_2_Btach\Wipro_C8_GroupA_2_Btach\BackEnd\Discount-Microservice\src\test\resources
2022-07-14 14:19:17,770 [Worker-13: Launching SalesReportMicroserviceApplication] INFO  o.e.m.c.i.embedder.EclipseLogger - Using 'UTF-8' encoding to copy filtered resources.
2022-07-14 14:19:17,770 [Worker-13: Launching SalesReportMicroserviceApplication] INFO  o.e.m.c.i.embedder.EclipseLogger - Using 'UTF-8' encoding to copy filtered properties files.
2022-07-14 14:19:17,770 [Worker-13: Launching SalesReportMicroserviceApplication] INFO  o.e.m.c.i.embedder.EclipseLogger - Copying 1 resource
2022-07-14 14:19:17,886 [Worker-13: Launching SalesReportMicroserviceApplication] INFO  o.e.m.c.i.embedder.EclipseLogger - Copying 0 resource
2022-07-14 14:19:17,887 [Worker-13: Launching SalesReportMicroserviceApplication] INFO  o.e.m.c.i.embedder.EclipseLogger - Using 'UTF-8' encoding to copy filtered resources.
2022-07-14 14:19:17,887 [Worker-13: Launching SalesReportMicroserviceApplication] INFO  o.e.m.c.i.embedder.EclipseLogger - Using 'UTF-8' encoding to copy filtered properties files.
2022-07-14 14:19:17,888 [Worker-13: Launching SalesReportMicroserviceApplication] INFO  o.e.m.c.i.embedder.EclipseLogger - skip non existing resourceDirectory F:\Wipro_C8_GroupA_2_Btach\Wipro_C8_GroupA_2_Btach\BackEnd\SalesReport-Microservice\src\test\resources
2022-07-14 14:23:23,184 [Worker-35: Launching ProductMicroserviceApplication] INFO  o.e.m.c.i.embedder.EclipseLogger - Using 'UTF-8' encoding to copy filtered resources.
2022-07-14 14:23:23,186 [Worker-35: Launching ProductMicroserviceApplication] INFO  o.e.m.c.i.embedder.EclipseLogger - Using 'UTF-8' encoding to copy filtered properties files.
2022-07-14 14:23:23,186 [Worker-35: Launching ProductMicroserviceApplication] INFO  o.e.m.c.i.embedder.EclipseLogger - Copying 1 resource
2022-07-14 14:23:23,223 [Worker-35: Launching ProductMicroserviceApplication] INFO  o.e.m.c.i.embedder.EclipseLogger - Copying 0 resource
2022-07-14 14:23:23,226 [Worker-35: Launching ProductMicroserviceApplication] INFO  o.e.m.c.i.embedder.EclipseLogger - Using 'UTF-8' encoding to copy filtered resources.
2022-07-14 14:23:23,226 [Worker-35: Launching ProductMicroserviceApplication] INFO  o.e.m.c.i.embedder.EclipseLogger - Using 'UTF-8' encoding to copy filtered properties files.
2022-07-14 14:23:23,226 [Worker-35: Launching ProductMicroserviceApplication] INFO  o.e.m.c.i.embedder.EclipseLogger - skip non existing resourceDirectory F:\Wipro_C8_GroupA_2_Btach\Wipro_C8_GroupA_2_Btach\BackEnd\Product-Microservice\src\test\resources
